  Game.cpp
C:\Users\User\Documents\GitHub\YarguGameProject\Game\Game.cpp(7,10): warning C4067: непредвиденные лексемы за директивой препроцессора, требуется newline
C:\Users\User\Documents\GitHub\YarguGameProject\Game\Game.cpp(8,10): warning C4067: непредвиденные лексемы за директивой препроцессора, требуется newline
C:\Users\User\Documents\GitHub\YarguGameProject\Game\Game.cpp(9,10): warning C4067: непредвиденные лексемы за директивой препроцессора, требуется newline
C:\Users\User\Documents\GitHub\YarguGameProject\Game\Player.h(35,48): warning C4244: аргумент: преобразование "float" в "T", возможна потеря данных
          with
          [
              T=int
          ]
C:\Users\User\Documents\GitHub\YarguGameProject\Game\Player.h(35,45): warning C4244: аргумент: преобразование "float" в "T", возможна потеря данных
          with
          [
              T=int
          ]
C:\Users\User\Documents\GitHub\YarguGameProject\Game\Player.h(35,42): warning C4244: аргумент: преобразование "float" в "T", возможна потеря данных
          with
          [
              T=int
          ]
C:\Users\User\Documents\GitHub\YarguGameProject\Game\Player.h(35,39): warning C4244: аргумент: преобразование "float" в "T", возможна потеря данных
          with
          [
              T=int
          ]
C:\Users\User\Documents\GitHub\YarguGameProject\Game\Player.h(51,1): warning C4305: +=: усечение из "double" в "float"
C:\Users\User\Documents\GitHub\YarguGameProject\Game\Player.h(54,1): warning C4305: аргумент: усечение из "double" в "float"
C:\Users\User\Documents\GitHub\YarguGameProject\Game\Player.h(59,1): warning C4305: аргумент: усечение из "double" в "float"
C:\Users\User\Documents\GitHub\YarguGameProject\Game\Player.h(65,1): warning C4305: аргумент: усечение из "double" в "float"
C:\Users\User\Documents\GitHub\YarguGameProject\Game\Player.h(71,1): warning C4305: аргумент: усечение из "double" в "float"
C:\Users\User\Documents\GitHub\YarguGameProject\Game\Player.h(85,34): warning C4244: +=: преобразование "double" в "float", возможна потеря данных
C:\Users\User\Documents\GitHub\YarguGameProject\Game\Player.h(113,24): warning C4244: =: преобразование "int" в "float", возможна потеря данных
C:\Users\User\Documents\GitHub\YarguGameProject\Game\Player.h(133,24): warning C4244: =: преобразование "int" в "float", возможна потеря данных
C:\Users\User\Documents\GitHub\YarguGameProject\Game\Player.h(139,51): warning C4244: =: преобразование "int" в "float", возможна потеря данных
C:\Users\User\Documents\GitHub\YarguGameProject\Game\Game.cpp(11,10): warning C4067: непредвиденные лексемы за директивой препроцессора, требуется newline
C:\Users\User\Documents\GitHub\YarguGameProject\Game\EnemyTest.h(4,10): warning C4067: непредвиденные лексемы за директивой препроцессора, требуется newline
C:\Users\User\Documents\GitHub\YarguGameProject\Game\EnemyTest.h(32,48): warning C4244: аргумент: преобразование "float" в "T", возможна потеря данных
          with
          [
              T=int
          ]
C:\Users\User\Documents\GitHub\YarguGameProject\Game\EnemyTest.h(32,45): warning C4244: аргумент: преобразование "float" в "T", возможна потеря данных
          with
          [
              T=int
          ]
C:\Users\User\Documents\GitHub\YarguGameProject\Game\EnemyTest.h(32,42): warning C4244: аргумент: преобразование "float" в "T", возможна потеря данных
          with
          [
              T=int
          ]
C:\Users\User\Documents\GitHub\YarguGameProject\Game\EnemyTest.h(32,39): warning C4244: аргумент: преобразование "float" в "T", возможна потеря данных
          with
          [
              T=int
          ]
C:\Users\User\Documents\GitHub\YarguGameProject\Game\EnemyTest.h(40,25): warning C4305: инициализация: усечение из "double" в "float"
C:\Users\User\Documents\GitHub\YarguGameProject\Game\EnemyTest.h(54,47): warning C4244: аргумент: преобразование "int" в "float", возможна потеря данных
C:\Users\User\Documents\GitHub\YarguGameProject\Game\EnemyTest.h(54,31): warning C4244: аргумент: преобразование "int" в "float", возможна потеря данных
C:\Users\User\Documents\GitHub\YarguGameProject\Game\Game.cpp(29,41): warning C4244: аргумент: преобразование "int" в "float", возможна потеря данных
C:\Users\User\Documents\GitHub\YarguGameProject\Game\Game.cpp(29,33): warning C4244: аргумент: преобразование "int" в "float", возможна потеря данных
C:\Users\User\Documents\GitHub\YarguGameProject\Game\Game.cpp(40,41): warning C4244: аргумент: преобразование "int" в "T", возможна потеря данных
          with
          [
              T=float
          ]
C:\Users\User\Documents\GitHub\YarguGameProject\Game\Game.cpp(40,32): warning C4244: аргумент: преобразование "int" в "T", возможна потеря данных
          with
          [
              T=float
          ]
C:\Users\User\Documents\GitHub\YarguGameProject\Game\Game.cpp(59,20): warning C4244: инициализация: преобразование "sf::Int64" в "float", возможна потеря данных
  Game.vcxproj -> C:\Users\User\Documents\GitHub\YarguGameProject\Game\x64\Debug\Game.exe
